[SQL_LOG:2024-03-23 19:49:25]:  SELECT  customer_no  FROM  session  WHERE   session_key = ?        [msu6ao8a6j5sgll3r24n4o0bq4]
[SQL_LOG:2024-03-23 19:49:25]:  SELECT  ctg_id, category_name  FROM  category        []
[SQL_LOG:2024-03-23 19:49:25]:  SELECT  item_id, item_name, detail, price, image, ctg_id  FROM  item        []
[SQL_LOG:2024-03-23 19:49:25]:  SELECT  customer_no  FROM  session  WHERE   session_key = ?        [msu6ao8a6j5sgll3r24n4o0bq4]
[SQL_LOG:2024-03-23 19:49:25]:  SELECT  ctg_id, category_name  FROM  category        []
[SQL_LOG:2024-03-23 19:49:25]:  SELECT  item_id, item_name, price,image, ctg_id  FROM  item        []
[SQL_LOG:2024-03-23 19:49:26]:  SELECT  customer_no  FROM  session  WHERE   session_key = ?        [msu6ao8a6j5sgll3r24n4o0bq4]
[SQL_LOG:2024-03-23 19:49:26]:  SELECT  ctg_id, category_name  FROM  category        []
[SQL_LOG:2024-03-23 19:49:26]:  SELECT  item_id, item_name, price,image, ctg_id  FROM  item        []
[SQL_LOG:2024-03-23 19:50:41]:  SELECT  customer_no  FROM  session  WHERE   session_key = ?        [msu6ao8a6j5sgll3r24n4o0bq4]
[SQL_LOG:2024-03-23 19:50:41]:  SELECT  ctg_id, category_name  FROM  category        []
[SQL_LOG:2024-03-23 19:50:41]:  SELECT  item_id, item_name, price,image, ctg_id  FROM  item        []
[SQL_LOG:2024-03-23 19:50:42]:  SELECT  customer_no  FROM  session  WHERE   session_key = ?        [msu6ao8a6j5sgll3r24n4o0bq4]
[SQL_LOG:2024-03-23 19:50:42]:  SELECT  ctg_id, category_name  FROM  category        []
[SQL_LOG:2024-03-23 19:50:42]:  SELECT  item_id, item_name, price,image, ctg_id  FROM  item        []
[SQL_LOG:2024-03-23 19:50:42]:  SELECT  customer_no  FROM  session  WHERE   session_key = ?        [msu6ao8a6j5sgll3r24n4o0bq4]
[SQL_LOG:2024-03-23 19:50:42]:  SELECT  ctg_id, category_name  FROM  category        []
[SQL_LOG:2024-03-23 19:50:42]:  SELECT  item_id, item_name, price,image, ctg_id  FROM  item        []
[SQL_LOG:2024-03-23 19:50:43]:  SELECT  customer_no  FROM  session  WHERE   session_key = ?        [msu6ao8a6j5sgll3r24n4o0bq4]
[SQL_LOG:2024-03-23 19:50:43]:  SELECT  ctg_id, category_name  FROM  category        []
[SQL_LOG:2024-03-23 19:50:43]:  SELECT  item_id, item_name, price,image, ctg_id  FROM  item        []
[SQL_LOG:2024-03-23 19:50:45]:  SELECT  customer_no  FROM  session  WHERE   session_key = ?        [msu6ao8a6j5sgll3r24n4o0bq4]
[SQL_LOG:2024-03-23 19:50:45]:  SELECT  ctg_id, category_name  FROM  category        []
[SQL_LOG:2024-03-23 19:50:45]:  SELECT  item_id, item_name, price,image, ctg_id  FROM  item        []
[SQL_LOG:2024-03-23 19:50:45]:  SELECT  customer_no  FROM  session  WHERE   session_key = ?        [msu6ao8a6j5sgll3r24n4o0bq4]
[SQL_LOG:2024-03-23 19:50:45]:  SELECT  ctg_id, category_name  FROM  category        []
[SQL_LOG:2024-03-23 19:50:45]:  SELECT  item_id, item_name, price,image, ctg_id  FROM  item        []
[SQL_LOG:2024-03-23 19:54:25]:  SELECT  customer_no  FROM  session  WHERE   session_key = ?        [msu6ao8a6j5sgll3r24n4o0bq4]
[SQL_LOG:2024-03-23 19:54:25]:  SELECT  ctg_id, category_name  FROM  category        []
[SQL_LOG:2024-03-23 19:54:25]:  SELECT  item_id, item_name, price,image, ctg_id  FROM  item        []
[SQL_LOG:2024-03-23 20:01:53]:  SELECT  customer_no  FROM  session  WHERE   session_key = ?        [msu6ao8a6j5sgll3r24n4o0bq4]
[SQL_LOG:2024-03-23 20:01:53]:  SELECT  ctg_id, category_name  FROM  category        []
[SQL_LOG:2024-03-23 20:01:53]:  SELECT  item_id, item_name, price,image, ctg_id  FROM  item        []
[SQL_LOG:2024-03-23 20:01:56]:  SELECT  customer_no  FROM  session  WHERE   session_key = ?        [msu6ao8a6j5sgll3r24n4o0bq4]
[SQL_LOG:2024-03-23 20:01:56]:  SELECT  ctg_id, category_name  FROM  category        []
[SQL_LOG:2024-03-23 20:01:56]:  SELECT  item_id, item_name, price,image, ctg_id  FROM  item        []
[SQL_LOG:2024-03-23 20:02:00]:  SELECT  customer_no  FROM  session  WHERE   session_key = ?        [msu6ao8a6j5sgll3r24n4o0bq4]
[SQL_LOG:2024-03-23 20:02:00]:  SELECT  c.crt_id, i.item_id, i.item_name, i.price,i.image  FROM  cart c LEFT JOIN item i ON c.item_id = i.item_id   WHERE   c.customer_no = ? AND c.delete_flg = ?        [1,0]
[SQL_LOG:2024-03-23 20:02:00]:  SELECT  SUM( i.price ) AS totalPrice  FROM  cart c  LEFT JOIN item i  ON c.item_id = i.item_id  WHERE   c.customer_no  = ? AND c.delete_flg = ?       [1,0]
[SQL_LOG:2024-03-23 20:02:00]:  SELECT  SUM( num ) AS num  FROM  cart c  WHERE   c.customer_no  = ? AND c.delete_flg = ?       [1,0]
[SQL_LOG:2024-03-23 20:02:08]:  SELECT  customer_no  FROM  session  WHERE   session_key = ?        [msu6ao8a6j5sgll3r24n4o0bq4]
[SQL_LOG:2024-03-23 20:02:08]:  SELECT  ctg_id, category_name  FROM  category        []
[SQL_LOG:2024-03-23 20:02:08]:  SELECT  item_id, item_name, detail, price, image, ctg_id  FROM  item        []
[SQL_LOG:2024-03-23 20:02:08]:  SELECT  customer_no  FROM  session  WHERE   session_key = ?        [msu6ao8a6j5sgll3r24n4o0bq4]
[SQL_LOG:2024-03-23 20:02:08]:  SELECT  ctg_id, category_name  FROM  category        []
[SQL_LOG:2024-03-23 20:02:08]:  SELECT  item_id, item_name, price,image, ctg_id  FROM  item        []
[SQL_LOG:2024-03-23 20:02:10]:  SELECT  customer_no  FROM  session  WHERE   session_key = ?        [msu6ao8a6j5sgll3r24n4o0bq4]
[SQL_LOG:2024-03-23 20:02:10]:  SELECT  ctg_id, category_name  FROM  category        []
[SQL_LOG:2024-03-23 20:02:10]:  SELECT  item_id, item_name, price,image, ctg_id  FROM  item        []
[SQL_LOG:2024-03-23 20:02:11]:  SELECT  customer_no  FROM  session  WHERE   session_key = ?        [msu6ao8a6j5sgll3r24n4o0bq4]
[SQL_LOG:2024-03-23 20:02:11]:  SELECT  ctg_id, category_name  FROM  category        []
[SQL_LOG:2024-03-23 20:02:11]:  SELECT  item_id, item_name, price,image, ctg_id  FROM  item        []
[SQL_LOG:2024-03-23 20:02:19]:  SELECT  customer_no  FROM  session  WHERE   session_key = ?        [msu6ao8a6j5sgll3r24n4o0bq4]
[SQL_LOG:2024-03-23 20:02:19]:  SELECT  c.crt_id, i.item_id, i.item_name, i.price,i.image  FROM  cart c LEFT JOIN item i ON c.item_id = i.item_id   WHERE   c.customer_no = ? AND c.delete_flg = ?        [1,0]
[SQL_LOG:2024-03-23 20:02:19]:  SELECT  SUM( i.price ) AS totalPrice  FROM  cart c  LEFT JOIN item i  ON c.item_id = i.item_id  WHERE   c.customer_no  = ? AND c.delete_flg = ?       [1,0]
[SQL_LOG:2024-03-23 20:02:19]:  SELECT  SUM( num ) AS num  FROM  cart c  WHERE   c.customer_no  = ? AND c.delete_flg = ?       [1,0]
[SQL_LOG:2024-03-23 20:02:23]:  SELECT  customer_no  FROM  session  WHERE   session_key = ?        [msu6ao8a6j5sgll3r24n4o0bq4]
[SQL_LOG:2024-03-23 20:02:23]:  SELECT  ctg_id, category_name  FROM  category        []
[SQL_LOG:2024-03-23 20:02:23]:  SELECT  item_id, item_name, detail, price, image, ctg_id  FROM  item        []
[SQL_LOG:2024-03-23 20:02:23]:  SELECT  customer_no  FROM  session  WHERE   session_key = ?        [msu6ao8a6j5sgll3r24n4o0bq4]
[SQL_LOG:2024-03-23 20:02:23]:  SELECT  ctg_id, category_name  FROM  category        []
[SQL_LOG:2024-03-23 20:02:23]:  SELECT  item_id, item_name, price,image, ctg_id  FROM  item        []
[SQL_LOG:2024-03-23 20:02:24]:  SELECT  customer_no  FROM  session  WHERE   session_key = ?        [msu6ao8a6j5sgll3r24n4o0bq4]
[SQL_LOG:2024-03-23 20:02:24]:  SELECT  ctg_id, category_name  FROM  category        []
[SQL_LOG:2024-03-23 20:02:24]:  SELECT  item_id, item_name, price,image, ctg_id  FROM  item        []
[SQL_LOG:2024-03-23 20:02:27]:  SELECT  customer_no  FROM  session  WHERE   session_key = ?        [msu6ao8a6j5sgll3r24n4o0bq4]
[SQL_LOG:2024-03-23 20:02:27]:  SELECT  ctg_id, category_name  FROM  category        []
[SQL_LOG:2024-03-23 20:02:27]:  SELECT  item_id, item_name, price,image, ctg_id  FROM  item        []
[SQL_LOG:2024-03-23 20:02:28]:  SELECT  customer_no  FROM  session  WHERE   session_key = ?        [msu6ao8a6j5sgll3r24n4o0bq4]
[SQL_LOG:2024-03-23 20:02:28]:  SELECT  ctg_id, category_name  FROM  category        []
[SQL_LOG:2024-03-23 20:02:28]:  SELECT  item_id, item_name, price,image, ctg_id  FROM  item        []
[SQL_LOG:2024-03-23 20:05:03]:  SELECT  customer_no  FROM  session  WHERE   session_key = ?        [msu6ao8a6j5sgll3r24n4o0bq4]
[SQL_LOG:2024-03-23 20:05:03]:  SELECT  c.crt_id, i.item_id, i.item_name, i.price,i.image  FROM  cart c LEFT JOIN item i ON c.item_id = i.item_id   WHERE   c.customer_no = ? AND c.delete_flg = ?        [1,0]
[SQL_LOG:2024-03-23 20:05:03]:  SELECT  SUM( i.price ) AS totalPrice  FROM  cart c  LEFT JOIN item i  ON c.item_id = i.item_id  WHERE   c.customer_no  = ? AND c.delete_flg = ?       [1,0]
[SQL_LOG:2024-03-23 20:05:03]:  SELECT  SUM( num ) AS num  FROM  cart c  WHERE   c.customer_no  = ? AND c.delete_flg = ?       [1,0]
[SQL_LOG:2024-03-23 20:05:06]:  SELECT  customer_no  FROM  session  WHERE   session_key = ?        [msu6ao8a6j5sgll3r24n4o0bq4]
[SQL_LOG:2024-03-23 20:05:06]:  SELECT  ctg_id, category_name  FROM  category        []
[SQL_LOG:2024-03-23 20:05:06]:  SELECT  item_id, item_name, price,image, ctg_id  FROM  item        []
[SQL_LOG:2024-03-23 20:09:17]:  SELECT  customer_no  FROM  session  WHERE   session_key = ?        [msu6ao8a6j5sgll3r24n4o0bq4]
[SQL_LOG:2024-03-23 20:09:17]:  SELECT  ctg_id, category_name  FROM  category        []
[SQL_LOG:2024-03-23 20:09:17]:  SELECT  item_id, item_name, price,image, ctg_id  FROM  item        []
[SQL_LOG:2024-03-23 20:09:59]:  SELECT  customer_no  FROM  session  WHERE   session_key = ?        [msu6ao8a6j5sgll3r24n4o0bq4]
[SQL_LOG:2024-03-23 20:09:59]:  SELECT  ctg_id, category_name  FROM  category        []
[SQL_LOG:2024-03-23 20:09:59]:  SELECT  item_id, item_name, detail, price, image, ctg_id  FROM  item  WHERE    item_id = ?        [1]
[SQL_LOG:2024-03-23 20:10:26]:  SELECT  customer_no  FROM  session  WHERE   session_key = ?        [msu6ao8a6j5sgll3r24n4o0bq4]
[SQL_LOG:2024-03-23 20:10:26]:  SELECT  ctg_id, category_name  FROM  category        []
[SQL_LOG:2024-03-23 20:10:26]:  SELECT  item_id, item_name, price,image, ctg_id  FROM  item        []
[SQL_LOG:2024-03-23 20:10:30]:  SELECT  customer_no  FROM  session  WHERE   session_key = ?        [msu6ao8a6j5sgll3r24n4o0bq4]
[SQL_LOG:2024-03-23 20:10:30]:  SELECT  ctg_id, category_name  FROM  category        []
[SQL_LOG:2024-03-23 20:10:30]:  SELECT  item_id, item_name, detail, price, image, ctg_id  FROM  item  WHERE    item_id = ?        [2]
[SQL_LOG:2024-03-23 20:12:34]:  SELECT  customer_no  FROM  session  WHERE   session_key = ?        [msu6ao8a6j5sgll3r24n4o0bq4]
[SQL_LOG:2024-03-23 20:12:34]:  SELECT  ctg_id, category_name  FROM  category        []
[SQL_LOG:2024-03-23 20:12:34]:  SELECT  item_id, item_name, price,image, ctg_id  FROM  item        []
[SQL_LOG:2024-03-23 20:13:39]:  SELECT  customer_no  FROM  session  WHERE   session_key = ?        [msu6ao8a6j5sgll3r24n4o0bq4]
[SQL_LOG:2024-03-23 20:13:39]:  SELECT  ctg_id, category_name  FROM  category        []
[SQL_LOG:2024-03-23 20:13:39]:  SELECT  item_id, item_name, price,image, ctg_id  FROM  item        []
[SQL_LOG:2024-03-23 20:13:40]:  SELECT  customer_no  FROM  session  WHERE   session_key = ?        [msu6ao8a6j5sgll3r24n4o0bq4]
[SQL_LOG:2024-03-23 20:13:40]:  SELECT  ctg_id, category_name  FROM  category        []
[SQL_LOG:2024-03-23 20:13:40]:  SELECT  item_id, item_name, price,image, ctg_id  FROM  item        []
[SQL_LOG:2024-03-23 20:14:28]:  SELECT  customer_no  FROM  session  WHERE   session_key = ?        [msu6ao8a6j5sgll3r24n4o0bq4]
[SQL_LOG:2024-03-23 20:14:28]:  SELECT  ctg_id, category_name  FROM  category        []
[SQL_LOG:2024-03-23 20:14:28]:  SELECT  item_id, item_name, price,image, ctg_id  FROM  item  WHERE    ctg_id = ?        [1]
[SQL_LOG:2024-03-23 20:14:30]:  SELECT  customer_no  FROM  session  WHERE   session_key = ?        [msu6ao8a6j5sgll3r24n4o0bq4]
[SQL_LOG:2024-03-23 20:14:30]:  SELECT  ctg_id, category_name  FROM  category        []
[SQL_LOG:2024-03-23 20:14:30]:  SELECT  item_id, item_name, price,image, ctg_id  FROM  item  WHERE    ctg_id = ?        [2]
[SQL_LOG:2024-03-23 20:14:31]:  SELECT  customer_no  FROM  session  WHERE   session_key = ?        [msu6ao8a6j5sgll3r24n4o0bq4]
[SQL_LOG:2024-03-23 20:14:31]:  SELECT  ctg_id, category_name  FROM  category        []
[SQL_LOG:2024-03-23 20:14:31]:  SELECT  item_id, item_name, price,image, ctg_id  FROM  item  WHERE    ctg_id = ?        [3]
[SQL_LOG:2024-03-23 20:14:34]:  SELECT  customer_no  FROM  session  WHERE   session_key = ?        [msu6ao8a6j5sgll3r24n4o0bq4]
[SQL_LOG:2024-03-23 20:14:34]:  SELECT  ctg_id, category_name  FROM  category        []
[SQL_LOG:2024-03-23 20:14:34]:  SELECT  item_id, item_name, detail, price, image, ctg_id  FROM  item  WHERE    item_id = ?        [9]
[SQL_LOG:2024-03-23 20:14:36]:  SELECT  customer_no  FROM  session  WHERE   session_key = ?        [msu6ao8a6j5sgll3r24n4o0bq4]
[SQL_LOG:2024-03-23 20:14:36]:  SELECT  ctg_id, category_name  FROM  category        []
[SQL_LOG:2024-03-23 20:14:36]:  SELECT  item_id, item_name, price,image, ctg_id  FROM  item  WHERE    ctg_id = ?        [3]
[SQL_LOG:2024-03-23 20:14:37]:  SELECT  customer_no  FROM  session  WHERE   session_key = ?        [msu6ao8a6j5sgll3r24n4o0bq4]
[SQL_LOG:2024-03-23 20:14:37]:  SELECT  ctg_id, category_name  FROM  category        []
[SQL_LOG:2024-03-23 20:14:37]:  SELECT  item_id, item_name, detail, price, image, ctg_id  FROM  item  WHERE    item_id = ?        [10]
[SQL_LOG:2024-03-23 20:14:38]:  SELECT  customer_no  FROM  session  WHERE   session_key = ?        [msu6ao8a6j5sgll3r24n4o0bq4]
[SQL_LOG:2024-03-23 20:14:38]:  SELECT  ctg_id, category_name  FROM  category        []
[SQL_LOG:2024-03-23 20:14:38]:  SELECT  item_id, item_name, price,image, ctg_id  FROM  item  WHERE    ctg_id = ?        [3]
[SQL_LOG:2024-03-23 20:14:46]:  SELECT  customer_no  FROM  session  WHERE   session_key = ?        [msu6ao8a6j5sgll3r24n4o0bq4]
[SQL_LOG:2024-03-23 20:14:46]:  SELECT  ctg_id, category_name  FROM  category        []
[SQL_LOG:2024-03-23 20:14:46]:  SELECT  item_id, item_name, detail, price, image, ctg_id  FROM  item  WHERE    item_id = ?        [9]
[SQL_LOG:2024-03-23 20:14:48]:  SELECT  customer_no  FROM  session  WHERE   session_key = ?        [msu6ao8a6j5sgll3r24n4o0bq4]
[SQL_LOG:2024-03-23 20:14:48]:  SELECT  ctg_id, category_name  FROM  category        []
[SQL_LOG:2024-03-23 20:14:48]:  SELECT  item_id, item_name, price,image, ctg_id  FROM  item  WHERE    ctg_id = ?        [3]
[SQL_LOG:2024-03-23 20:14:59]:  SELECT  customer_no  FROM  session  WHERE   session_key = ?        [msu6ao8a6j5sgll3r24n4o0bq4]
[SQL_LOG:2024-03-23 20:14:59]:  SELECT  ctg_id, category_name  FROM  category        []
[SQL_LOG:2024-03-23 20:14:59]:  SELECT  item_id, item_name, price,image, ctg_id  FROM  item        []
[SQL_LOG:2024-03-23 20:15:02]:  SELECT  customer_no  FROM  session  WHERE   session_key = ?        [msu6ao8a6j5sgll3r24n4o0bq4]
[SQL_LOG:2024-03-23 20:15:02]:  SELECT  ctg_id, category_name  FROM  category        []
[SQL_LOG:2024-03-23 20:15:02]:  SELECT  item_id, item_name, price,image, ctg_id  FROM  item  WHERE    ctg_id = ?        [1]
[SQL_LOG:2024-03-23 20:15:03]:  SELECT  customer_no  FROM  session  WHERE   session_key = ?        [msu6ao8a6j5sgll3r24n4o0bq4]
[SQL_LOG:2024-03-23 20:15:03]:  SELECT  ctg_id, category_name  FROM  category        []
[SQL_LOG:2024-03-23 20:15:03]:  SELECT  item_id, item_name, price,image, ctg_id  FROM  item  WHERE    ctg_id = ?        [2]
[SQL_LOG:2024-03-23 20:15:03]:  SELECT  customer_no  FROM  session  WHERE   session_key = ?        [msu6ao8a6j5sgll3r24n4o0bq4]
[SQL_LOG:2024-03-23 20:15:03]:  SELECT  ctg_id, category_name  FROM  category        []
[SQL_LOG:2024-03-23 20:15:03]:  SELECT  item_id, item_name, price,image, ctg_id  FROM  item  WHERE    ctg_id = ?        [2]
[SQL_LOG:2024-03-23 20:15:04]:  SELECT  customer_no  FROM  session  WHERE   session_key = ?        [msu6ao8a6j5sgll3r24n4o0bq4]
[SQL_LOG:2024-03-23 20:15:04]:  SELECT  ctg_id, category_name  FROM  category        []
[SQL_LOG:2024-03-23 20:15:04]:  SELECT  item_id, item_name, price,image, ctg_id  FROM  item  WHERE    ctg_id = ?        [2]
[SQL_LOG:2024-03-23 20:15:05]:  SELECT  customer_no  FROM  session  WHERE   session_key = ?        [msu6ao8a6j5sgll3r24n4o0bq4]
[SQL_LOG:2024-03-23 20:15:05]:  SELECT  ctg_id, category_name  FROM  category        []
[SQL_LOG:2024-03-23 20:15:05]:  SELECT  item_id, item_name, price,image, ctg_id  FROM  item  WHERE    ctg_id = ?        [3]
[SQL_LOG:2024-03-23 20:15:07]:  SELECT  customer_no  FROM  session  WHERE   session_key = ?        [msu6ao8a6j5sgll3r24n4o0bq4]
[SQL_LOG:2024-03-23 20:15:07]:  SELECT  ctg_id, category_name  FROM  category        []
[SQL_LOG:2024-03-23 20:15:07]:  SELECT  item_id, item_name, price,image, ctg_id  FROM  item  WHERE    ctg_id = ?        [1]
[SQL_LOG:2024-03-23 20:16:22]:  SELECT  customer_no  FROM  session  WHERE   session_key = ?        [msu6ao8a6j5sgll3r24n4o0bq4]
[SQL_LOG:2024-03-23 20:16:22]:  SELECT  ctg_id, category_name  FROM  category        []
[SQL_LOG:2024-03-23 20:16:22]:  SELECT  item_id, item_name, price,image, ctg_id  FROM  item  WHERE    ctg_id = ?        [3]
[SQL_LOG:2024-03-23 20:16:22]:  SELECT  customer_no  FROM  session  WHERE   session_key = ?        [msu6ao8a6j5sgll3r24n4o0bq4]
[SQL_LOG:2024-03-23 20:16:22]:  SELECT  ctg_id, category_name  FROM  category        []
[SQL_LOG:2024-03-23 20:16:22]:  SELECT  item_id, item_name, price,image, ctg_id  FROM  item  WHERE    ctg_id = ?        [2]
[SQL_LOG:2024-03-23 20:16:23]:  SELECT  customer_no  FROM  session  WHERE   session_key = ?        [msu6ao8a6j5sgll3r24n4o0bq4]
[SQL_LOG:2024-03-23 20:16:23]:  SELECT  ctg_id, category_name  FROM  category        []
[SQL_LOG:2024-03-23 20:16:23]:  SELECT  item_id, item_name, price,image, ctg_id  FROM  item  WHERE    ctg_id = ?        [1]
[SQL_LOG:2024-03-23 20:16:23]:  SELECT  customer_no  FROM  session  WHERE   session_key = ?        [msu6ao8a6j5sgll3r24n4o0bq4]
[SQL_LOG:2024-03-23 20:16:23]:  SELECT  ctg_id, category_name  FROM  category        []
[SQL_LOG:2024-03-23 20:16:23]:  SELECT  item_id, item_name, price,image, ctg_id  FROM  item        []
[SQL_LOG:2024-03-23 20:16:35]:  SELECT  customer_no  FROM  session  WHERE   session_key = ?        [msu6ao8a6j5sgll3r24n4o0bq4]
[SQL_LOG:2024-03-23 20:16:35]:  SELECT  c.crt_id, i.item_id, i.item_name, i.price,i.image  FROM  cart c LEFT JOIN item i ON c.item_id = i.item_id   WHERE   c.customer_no = ? AND c.delete_flg = ?        [1,0]
[SQL_LOG:2024-03-23 20:16:35]:  SELECT  SUM( i.price ) AS totalPrice  FROM  cart c  LEFT JOIN item i  ON c.item_id = i.item_id  WHERE   c.customer_no  = ? AND c.delete_flg = ?       [1,0]
[SQL_LOG:2024-03-23 20:16:35]:  SELECT  SUM( num ) AS num  FROM  cart c  WHERE   c.customer_no  = ? AND c.delete_flg = ?       [1,0]
[SQL_LOG:2024-03-23 20:16:43]:  SELECT  customer_no  FROM  session  WHERE   session_key = ?        [msu6ao8a6j5sgll3r24n4o0bq4]
[SQL_LOG:2024-03-23 20:16:43]:  SELECT  ctg_id, category_name  FROM  category        []
[SQL_LOG:2024-03-23 20:16:43]:  SELECT  item_id, item_name, detail, price, image, ctg_id  FROM  item        []
[SQL_LOG:2024-03-23 20:16:43]:  SELECT  customer_no  FROM  session  WHERE   session_key = ?        [msu6ao8a6j5sgll3r24n4o0bq4]
[SQL_LOG:2024-03-23 20:16:43]:  SELECT  ctg_id, category_name  FROM  category        []
[SQL_LOG:2024-03-23 20:16:43]:  SELECT  item_id, item_name, price,image, ctg_id  FROM  item        []
[SQL_LOG:2024-03-23 20:16:45]:  SELECT  customer_no  FROM  session  WHERE   session_key = ?        [msu6ao8a6j5sgll3r24n4o0bq4]
[SQL_LOG:2024-03-23 20:16:45]:  SELECT  ctg_id, category_name  FROM  category        []
[SQL_LOG:2024-03-23 20:16:45]:  SELECT  item_id, item_name, detail, price, image, ctg_id  FROM  item  WHERE    item_id = ?        [1]
[SQL_LOG:2024-03-23 20:16:47]:  SELECT  customer_no  FROM  session  WHERE   session_key = ?        [msu6ao8a6j5sgll3r24n4o0bq4]
[SQL_LOG:2024-03-23 20:16:47]:  INSERT INTO  cart  (customer_no,item_id) VALUES (?,?)  [1,1]
[SQL_LOG:2024-03-23 20:16:47]:  SELECT  c.crt_id, i.item_id, i.item_name, i.price,i.image  FROM  cart c LEFT JOIN item i ON c.item_id = i.item_id   WHERE   c.customer_no = ? AND c.delete_flg = ?        [1,0]
[SQL_LOG:2024-03-23 20:16:47]:  SELECT  SUM( i.price ) AS totalPrice  FROM  cart c  LEFT JOIN item i  ON c.item_id = i.item_id  WHERE   c.customer_no  = ? AND c.delete_flg = ?       [1,0]
[SQL_LOG:2024-03-23 20:16:47]:  SELECT  SUM( num ) AS num  FROM  cart c  WHERE   c.customer_no  = ? AND c.delete_flg = ?       [1,0]
[SQL_LOG:2024-03-23 20:16:51]:  SELECT  customer_no  FROM  session  WHERE   session_key = ?        [msu6ao8a6j5sgll3r24n4o0bq4]
[SQL_LOG:2024-03-23 20:16:51]:  SELECT  ctg_id, category_name  FROM  category        []
[SQL_LOG:2024-03-23 20:16:51]:  SELECT  item_id, item_name, price,image, ctg_id  FROM  item        []
[SQL_LOG:2024-03-23 20:16:56]:  SELECT  customer_no  FROM  session  WHERE   session_key = ?        [msu6ao8a6j5sgll3r24n4o0bq4]
[SQL_LOG:2024-03-23 20:16:56]:  SELECT  ctg_id, category_name  FROM  category        []
[SQL_LOG:2024-03-23 20:16:56]:  SELECT  item_id, item_name, price,image, ctg_id  FROM  item  WHERE    ctg_id = ?        [1]
[SQL_LOG:2024-03-23 20:16:58]:  SELECT  customer_no  FROM  session  WHERE   session_key = ?        [msu6ao8a6j5sgll3r24n4o0bq4]
[SQL_LOG:2024-03-23 20:16:58]:  SELECT  ctg_id, category_name  FROM  category        []
[SQL_LOG:2024-03-23 20:16:58]:  SELECT  item_id, item_name, detail, price, image, ctg_id  FROM  item  WHERE    item_id = ?        [2]
[SQL_LOG:2024-03-23 20:16:59]:  SELECT  customer_no  FROM  session  WHERE   session_key = ?        [msu6ao8a6j5sgll3r24n4o0bq4]
[SQL_LOG:2024-03-23 20:16:59]:  INSERT INTO  cart  (customer_no,item_id) VALUES (?,?)  [1,2]
[SQL_LOG:2024-03-23 20:16:59]:  SELECT  c.crt_id, i.item_id, i.item_name, i.price,i.image  FROM  cart c LEFT JOIN item i ON c.item_id = i.item_id   WHERE   c.customer_no = ? AND c.delete_flg = ?        [1,0]
[SQL_LOG:2024-03-23 20:16:59]:  SELECT  SUM( i.price ) AS totalPrice  FROM  cart c  LEFT JOIN item i  ON c.item_id = i.item_id  WHERE   c.customer_no  = ? AND c.delete_flg = ?       [1,0]
[SQL_LOG:2024-03-23 20:16:59]:  SELECT  SUM( num ) AS num  FROM  cart c  WHERE   c.customer_no  = ? AND c.delete_flg = ?       [1,0]
[SQL_LOG:2024-03-23 20:17:02]:  SELECT  customer_no  FROM  session  WHERE   session_key = ?        [msu6ao8a6j5sgll3r24n4o0bq4]
[SQL_LOG:2024-03-23 20:17:02]:  SELECT  ctg_id, category_name  FROM  category        []
[SQL_LOG:2024-03-23 20:17:02]:  SELECT  item_id, item_name, price,image, ctg_id  FROM  item        []
[SQL_LOG:2024-03-23 20:17:08]:  SELECT  customer_no  FROM  session  WHERE   session_key = ?        [msu6ao8a6j5sgll3r24n4o0bq4]
[SQL_LOG:2024-03-23 20:17:08]:  INSERT INTO  cart  (customer_no,item_id) VALUES (?,?)  [1,2]
[SQL_LOG:2024-03-23 20:17:08]:  SELECT  c.crt_id, i.item_id, i.item_name, i.price,i.image  FROM  cart c LEFT JOIN item i ON c.item_id = i.item_id   WHERE   c.customer_no = ? AND c.delete_flg = ?        [1,0]
[SQL_LOG:2024-03-23 20:17:08]:  SELECT  SUM( i.price ) AS totalPrice  FROM  cart c  LEFT JOIN item i  ON c.item_id = i.item_id  WHERE   c.customer_no  = ? AND c.delete_flg = ?       [1,0]
[SQL_LOG:2024-03-23 20:17:08]:  SELECT  SUM( num ) AS num  FROM  cart c  WHERE   c.customer_no  = ? AND c.delete_flg = ?       [1,0]
[SQL_LOG:2024-03-23 20:17:09]:  SELECT  customer_no  FROM  session  WHERE   session_key = ?        [msu6ao8a6j5sgll3r24n4o0bq4]
[SQL_LOG:2024-03-23 20:17:09]:  SELECT  ctg_id, category_name  FROM  category        []
[SQL_LOG:2024-03-23 20:17:09]:  SELECT  item_id, item_name, detail, price, image, ctg_id  FROM  item  WHERE    item_id = ?        [2]
[SQL_LOG:2024-03-23 20:17:10]:  SELECT  customer_no  FROM  session  WHERE   session_key = ?        [msu6ao8a6j5sgll3r24n4o0bq4]
[SQL_LOG:2024-03-23 20:17:10]:  SELECT  ctg_id, category_name  FROM  category        []
[SQL_LOG:2024-03-23 20:17:10]:  SELECT  item_id, item_name, price,image, ctg_id  FROM  item  WHERE    ctg_id = ?        [1]
[SQL_LOG:2024-03-23 20:17:10]:  SELECT  customer_no  FROM  session  WHERE   session_key = ?        [msu6ao8a6j5sgll3r24n4o0bq4]
[SQL_LOG:2024-03-23 20:17:10]:  SELECT  ctg_id, category_name  FROM  category        []
[SQL_LOG:2024-03-23 20:17:10]:  SELECT  item_id, item_name, price,image, ctg_id  FROM  item        []
[SQL_LOG:2024-03-23 20:17:11]:  SELECT  customer_no  FROM  session  WHERE   session_key = ?        [msu6ao8a6j5sgll3r24n4o0bq4]
[SQL_LOG:2024-03-23 20:17:11]:  INSERT INTO  cart  (customer_no,item_id) VALUES (?,?)  [1,1]
[SQL_LOG:2024-03-23 20:17:11]:  SELECT  c.crt_id, i.item_id, i.item_name, i.price,i.image  FROM  cart c LEFT JOIN item i ON c.item_id = i.item_id   WHERE   c.customer_no = ? AND c.delete_flg = ?        [1,0]
[SQL_LOG:2024-03-23 20:17:11]:  SELECT  SUM( i.price ) AS totalPrice  FROM  cart c  LEFT JOIN item i  ON c.item_id = i.item_id  WHERE   c.customer_no  = ? AND c.delete_flg = ?       [1,0]
[SQL_LOG:2024-03-23 20:17:11]:  SELECT  SUM( num ) AS num  FROM  cart c  WHERE   c.customer_no  = ? AND c.delete_flg = ?       [1,0]
[SQL_LOG:2024-03-23 20:17:12]:  SELECT  customer_no  FROM  session  WHERE   session_key = ?        [msu6ao8a6j5sgll3r24n4o0bq4]
[SQL_LOG:2024-03-23 20:17:12]:  SELECT  ctg_id, category_name  FROM  category        []
[SQL_LOG:2024-03-23 20:17:12]:  SELECT  item_id, item_name, detail, price, image, ctg_id  FROM  item  WHERE    item_id = ?        [1]
[SQL_LOG:2024-03-23 20:17:13]:  SELECT  customer_no  FROM  session  WHERE   session_key = ?        [msu6ao8a6j5sgll3r24n4o0bq4]
[SQL_LOG:2024-03-23 20:17:13]:  SELECT  ctg_id, category_name  FROM  category        []
[SQL_LOG:2024-03-23 20:17:13]:  SELECT  item_id, item_name, price,image, ctg_id  FROM  item        []
[SQL_LOG:2024-03-23 20:17:17]:  SELECT  customer_no  FROM  session  WHERE   session_key = ?        [msu6ao8a6j5sgll3r24n4o0bq4]
[SQL_LOG:2024-03-23 20:17:17]:  SELECT  c.crt_id, i.item_id, i.item_name, i.price,i.image  FROM  cart c LEFT JOIN item i ON c.item_id = i.item_id   WHERE   c.customer_no = ? AND c.delete_flg = ?        [1,0]
[SQL_LOG:2024-03-23 20:17:17]:  SELECT  SUM( i.price ) AS totalPrice  FROM  cart c  LEFT JOIN item i  ON c.item_id = i.item_id  WHERE   c.customer_no  = ? AND c.delete_flg = ?       [1,0]
[SQL_LOG:2024-03-23 20:17:17]:  SELECT  SUM( num ) AS num  FROM  cart c  WHERE   c.customer_no  = ? AND c.delete_flg = ?       [1,0]
[SQL_LOG:2024-03-23 20:17:22]:  SELECT  customer_no  FROM  session  WHERE   session_key = ?        [msu6ao8a6j5sgll3r24n4o0bq4]
[SQL_LOG:2024-03-23 20:17:22]:  SELECT  ctg_id, category_name  FROM  category        []
[SQL_LOG:2024-03-23 20:17:22]:  SELECT  item_id, item_name, price,image, ctg_id  FROM  item        []
[SQL_LOG:2024-03-23 20:23:43]:  SELECT  customer_no  FROM  session  WHERE   session_key = ?        [msu6ao8a6j5sgll3r24n4o0bq4]
[SQL_LOG:2024-03-23 20:23:43]:  SELECT  ctg_id, category_name  FROM  category        []
[SQL_LOG:2024-03-23 20:23:43]:  SELECT  item_id, item_name, detail, price, image, ctg_id  FROM  item  WHERE    item_id = ?        [12]
[SQL_LOG:2024-03-23 20:23:45]:  SELECT  customer_no  FROM  session  WHERE   session_key = ?        [msu6ao8a6j5sgll3r24n4o0bq4]
[SQL_LOG:2024-03-23 20:23:45]:  SELECT  ctg_id, category_name  FROM  category        []
[SQL_LOG:2024-03-23 20:23:45]:  SELECT  item_id, item_name, price,image, ctg_id  FROM  item        []
[SQL_LOG:2024-03-23 20:29:08]:  SELECT  customer_no  FROM  session  WHERE   session_key = ?        [msu6ao8a6j5sgll3r24n4o0bq4]
[SQL_LOG:2024-03-23 20:29:08]:  SELECT  ctg_id, category_name  FROM  category        []
[SQL_LOG:2024-03-23 20:29:08]:  SELECT  item_id, item_name, price,image, ctg_id  FROM  item        []
[SQL_LOG:2024-03-23 20:29:12]:  SELECT  customer_no  FROM  session  WHERE   session_key = ?        [msu6ao8a6j5sgll3r24n4o0bq4]
[SQL_LOG:2024-03-23 20:29:12]:  SELECT  ctg_id, category_name  FROM  category        []
[SQL_LOG:2024-03-23 20:29:12]:  SELECT  item_id, item_name, detail, price, image, ctg_id  FROM  item        []
[SQL_LOG:2024-03-23 20:29:13]:  SELECT  customer_no  FROM  session  WHERE   session_key = ?        [msu6ao8a6j5sgll3r24n4o0bq4]
[SQL_LOG:2024-03-23 20:29:13]:  SELECT  ctg_id, category_name  FROM  category        []
[SQL_LOG:2024-03-23 20:29:13]:  SELECT  item_id, item_name, price,image, ctg_id  FROM  item        []
[SQL_LOG:2024-03-23 20:29:17]:  SELECT  customer_no  FROM  session  WHERE   session_key = ?        [msu6ao8a6j5sgll3r24n4o0bq4]
[SQL_LOG:2024-03-23 20:29:17]:  SELECT  ctg_id, category_name  FROM  category        []
[SQL_LOG:2024-03-23 20:29:17]:  SELECT  item_id, item_name, detail, price, image, ctg_id  FROM  item        []
[SQL_LOG:2024-03-23 20:29:17]:  SELECT  customer_no  FROM  session  WHERE   session_key = ?        [msu6ao8a6j5sgll3r24n4o0bq4]
[SQL_LOG:2024-03-23 20:29:17]:  SELECT  ctg_id, category_name  FROM  category        []
[SQL_LOG:2024-03-23 20:29:17]:  SELECT  item_id, item_name, price,image, ctg_id  FROM  item        []
[SQL_LOG:2024-03-23 20:29:19]:  SELECT  customer_no  FROM  session  WHERE   session_key = ?        [msu6ao8a6j5sgll3r24n4o0bq4]
[SQL_LOG:2024-03-23 20:29:19]:  SELECT  c.crt_id, i.item_id, i.item_name, i.price,i.image  FROM  cart c LEFT JOIN item i ON c.item_id = i.item_id   WHERE   c.customer_no = ? AND c.delete_flg = ?        [1,0]
[SQL_LOG:2024-03-23 20:29:19]:  SELECT  SUM( i.price ) AS totalPrice  FROM  cart c  LEFT JOIN item i  ON c.item_id = i.item_id  WHERE   c.customer_no  = ? AND c.delete_flg = ?       [1,0]
[SQL_LOG:2024-03-23 20:29:19]:  SELECT  SUM( num ) AS num  FROM  cart c  WHERE   c.customer_no  = ? AND c.delete_flg = ?       [1,0]
[SQL_LOG:2024-03-23 20:30:22]:  SELECT  customer_no  FROM  session  WHERE   session_key = ?        [msu6ao8a6j5sgll3r24n4o0bq4]
[SQL_LOG:2024-03-23 20:30:22]:  SELECT  ctg_id, category_name  FROM  category        []
[SQL_LOG:2024-03-23 20:30:22]:  SELECT  item_id, item_name, detail, price, image, ctg_id  FROM  item        []
[SQL_LOG:2024-03-23 20:30:22]:  SELECT  customer_no  FROM  session  WHERE   session_key = ?        [msu6ao8a6j5sgll3r24n4o0bq4]
[SQL_LOG:2024-03-23 20:30:22]:  SELECT  ctg_id, category_name  FROM  category        []
[SQL_LOG:2024-03-23 20:30:22]:  SELECT  item_id, item_name, price,image, ctg_id  FROM  item        []
[SQL_LOG:2024-03-23 20:30:50]:  SELECT  customer_no  FROM  session  WHERE   session_key = ?        [msu6ao8a6j5sgll3r24n4o0bq4]
[SQL_LOG:2024-03-23 20:30:50]:  SELECT  ctg_id, category_name  FROM  category        []
[SQL_LOG:2024-03-23 20:30:50]:  SELECT  item_id, item_name, detail, price, image, ctg_id  FROM  item        []
[SQL_LOG:2024-03-23 20:30:50]:  SELECT  customer_no  FROM  session  WHERE   session_key = ?        [msu6ao8a6j5sgll3r24n4o0bq4]
[SQL_LOG:2024-03-23 20:30:50]:  SELECT  ctg_id, category_name  FROM  category        []
[SQL_LOG:2024-03-23 20:30:50]:  SELECT  item_id, item_name, price,image, ctg_id  FROM  item        []
[SQL_LOG:2024-03-23 20:35:02]:  SELECT  customer_no  FROM  session  WHERE   session_key = ?        [msu6ao8a6j5sgll3r24n4o0bq4]
[SQL_LOG:2024-03-23 20:35:02]:  SELECT  ctg_id, category_name  FROM  category        []
[SQL_LOG:2024-03-23 20:35:02]:  SELECT  item_id, item_name, price,image, ctg_id  FROM  item  WHERE    ctg_id = ?        [1]
[SQL_LOG:2024-03-23 20:35:03]:  SELECT  customer_no  FROM  session  WHERE   session_key = ?        [msu6ao8a6j5sgll3r24n4o0bq4]
[SQL_LOG:2024-03-23 20:35:03]:  SELECT  ctg_id, category_name  FROM  category        []
[SQL_LOG:2024-03-23 20:35:03]:  SELECT  item_id, item_name, price,image, ctg_id  FROM  item  WHERE    ctg_id = ?        [2]
[SQL_LOG:2024-03-23 20:35:04]:  SELECT  customer_no  FROM  session  WHERE   session_key = ?        [msu6ao8a6j5sgll3r24n4o0bq4]
[SQL_LOG:2024-03-23 20:35:04]:  SELECT  ctg_id, category_name  FROM  category        []
[SQL_LOG:2024-03-23 20:35:04]:  SELECT  item_id, item_name, price,image, ctg_id  FROM  item  WHERE    ctg_id = ?        [3]
[SQL_LOG:2024-03-23 20:49:32]:  SELECT  customer_no  FROM  session  WHERE   session_key = ?        [msu6ao8a6j5sgll3r24n4o0bq4]
[SQL_LOG:2024-03-23 20:49:32]:  SELECT  ctg_id, category_name  FROM  category        []
[SQL_LOG:2024-03-23 20:49:32]:  SELECT  item_id, item_name, detail, price, image, ctg_id  FROM  item  WHERE    item_id = ?        [11]
[SQL_LOG:2024-03-23 20:49:33]:  SELECT  customer_no  FROM  session  WHERE   session_key = ?        [msu6ao8a6j5sgll3r24n4o0bq4]
[SQL_LOG:2024-03-23 20:49:33]:  SELECT  ctg_id, category_name  FROM  category        []
[SQL_LOG:2024-03-23 20:49:33]:  SELECT  item_id, item_name, price,image, ctg_id  FROM  item  WHERE    ctg_id = ?        [3]
[SQL_LOG:2024-03-23 20:49:35]:  SELECT  customer_no  FROM  session  WHERE   session_key = ?        [msu6ao8a6j5sgll3r24n4o0bq4]
[SQL_LOG:2024-03-23 20:49:35]:  SELECT  ctg_id, category_name  FROM  category        []
[SQL_LOG:2024-03-23 20:49:35]:  SELECT  item_id, item_name, detail, price, image, ctg_id  FROM  item  WHERE    item_id = ?        [9]
[SQL_LOG:2024-03-23 21:12:23]:  SELECT  customer_no  FROM  session  WHERE   session_key = ?        [msu6ao8a6j5sgll3r24n4o0bq4]
[SQL_LOG:2024-03-23 21:12:23]:  SELECT  ctg_id, category_name  FROM  category        []
[SQL_LOG:2024-03-23 21:12:23]:  SELECT  item_id, item_name, detail, price, image, ctg_id  FROM  item  WHERE    item_id = ?        [9]
[SQL_LOG:2024-03-23 21:12:24]:  SELECT  customer_no  FROM  session  WHERE   session_key = ?        [msu6ao8a6j5sgll3r24n4o0bq4]
[SQL_LOG:2024-03-23 21:12:24]:  SELECT  ctg_id, category_name  FROM  category        []
[SQL_LOG:2024-03-23 21:12:24]:  SELECT  item_id, item_name, price,image, ctg_id  FROM  item  WHERE    ctg_id = ?        [3]
[SQL_LOG:2024-03-23 21:12:25]:  SELECT  customer_no  FROM  session  WHERE   session_key = ?        [msu6ao8a6j5sgll3r24n4o0bq4]
[SQL_LOG:2024-03-23 21:12:25]:  SELECT  ctg_id, category_name  FROM  category        []
[SQL_LOG:2024-03-23 21:12:25]:  SELECT  item_id, item_name, price,image, ctg_id  FROM  item        []
[SQL_LOG:2024-03-23 21:12:26]:  SELECT  customer_no  FROM  session  WHERE   session_key = ?        [msu6ao8a6j5sgll3r24n4o0bq4]
[SQL_LOG:2024-03-23 21:12:26]:  SELECT  ctg_id, category_name  FROM  category        []
[SQL_LOG:2024-03-23 21:12:26]:  SELECT  item_id, item_name, price,image, ctg_id  FROM  item        []
[SQL_LOG:2024-03-23 21:12:40]:  SELECT  customer_no  FROM  session  WHERE   session_key = ?        [msu6ao8a6j5sgll3r24n4o0bq4]
[SQL_LOG:2024-03-23 21:12:40]:  SELECT  ctg_id, category_name  FROM  category        []
[SQL_LOG:2024-03-23 21:12:40]:  SELECT  item_id, item_name, detail, price, image, ctg_id  FROM  item        []
[SQL_LOG:2024-03-23 21:12:40]:  SELECT  customer_no  FROM  session  WHERE   session_key = ?        [msu6ao8a6j5sgll3r24n4o0bq4]
[SQL_LOG:2024-03-23 21:12:40]:  SELECT  ctg_id, category_name  FROM  category        []
[SQL_LOG:2024-03-23 21:12:40]:  SELECT  item_id, item_name, price,image, ctg_id  FROM  item        []
[SQL_LOG:2024-03-23 21:12:41]:  SELECT  customer_no  FROM  session  WHERE   session_key = ?        [msu6ao8a6j5sgll3r24n4o0bq4]
[SQL_LOG:2024-03-23 21:12:41]:  SELECT  ctg_id, category_name  FROM  category        []
[SQL_LOG:2024-03-23 21:12:41]:  SELECT  item_id, item_name, price,image, ctg_id  FROM  item        []
[SQL_LOG:2024-03-23 21:12:53]:  SELECT  customer_no  FROM  session  WHERE   session_key = ?        [msu6ao8a6j5sgll3r24n4o0bq4]
[SQL_LOG:2024-03-23 21:12:53]:  SELECT  ctg_id, category_name  FROM  category        []
[SQL_LOG:2024-03-23 21:12:53]:  SELECT  item_id, item_name, detail, price, image, ctg_id  FROM  item  WHERE    item_id = ?        [1]
[SQL_LOG:2024-03-23 21:12:56]:  SELECT  customer_no  FROM  session  WHERE   session_key = ?        [msu6ao8a6j5sgll3r24n4o0bq4]
[SQL_LOG:2024-03-23 21:12:56]:  SELECT  ctg_id, category_name  FROM  category        []
[SQL_LOG:2024-03-23 21:12:56]:  SELECT  item_id, item_name, price,image, ctg_id  FROM  item        []
[SQL_LOG:2024-03-23 21:13:03]:  SELECT  customer_no  FROM  session  WHERE   session_key = ?        [msu6ao8a6j5sgll3r24n4o0bq4]
[SQL_LOG:2024-03-23 21:13:03]:  SELECT  ctg_id, category_name  FROM  category        []
[SQL_LOG:2024-03-23 21:13:03]:  SELECT  item_id, item_name, price,image, ctg_id  FROM  item  WHERE    ctg_id = ?        [1]
[SQL_LOG:2024-03-23 21:25:06]:  SELECT  customer_no  FROM  session  WHERE   session_key = ?        [ksgh5b3ubehq7ptq4ud2n5kobr]
[SQL_LOG:2024-03-23 21:25:06]:  INSERT INTO  session  (session_key ) VALUES (?)  [ksgh5b3ubehq7ptq4ud2n5kobr]
[SQL_LOG:2024-03-23 21:25:06]:  SELECT  ctg_id, category_name  FROM  category        []
[SQL_LOG:2024-03-23 21:25:06]:  SELECT  item_id, item_name, detail, price, image, ctg_id  FROM  item        []
[SQL_LOG:2024-03-23 21:25:07]:  SELECT  customer_no  FROM  session  WHERE   session_key = ?        [ksgh5b3ubehq7ptq4ud2n5kobr]
[SQL_LOG:2024-03-23 21:25:07]:  SELECT  ctg_id, category_name  FROM  category        []
[SQL_LOG:2024-03-23 21:25:07]:  SELECT  item_id, item_name, price,image, ctg_id  FROM  item        []
[SQL_LOG:2024-03-23 21:27:21]:  SELECT  customer_no  FROM  session  WHERE   session_key = ?        [ksgh5b3ubehq7ptq4ud2n5kobr]
[SQL_LOG:2024-03-23 21:27:21]:  SELECT  ctg_id, category_name  FROM  category        []
[SQL_LOG:2024-03-23 21:27:21]:  SELECT  item_id, item_name, price,image, ctg_id  FROM  item  WHERE    ctg_id = ?        [1]
[SQL_LOG:2024-03-23 21:27:24]:  SELECT  customer_no  FROM  session  WHERE   session_key = ?        [ksgh5b3ubehq7ptq4ud2n5kobr]
[SQL_LOG:2024-03-23 21:27:24]:  SELECT  ctg_id, category_name  FROM  category        []
[SQL_LOG:2024-03-23 21:27:24]:  SELECT  item_id, item_name, price,image, ctg_id  FROM  item  WHERE    ctg_id = ?        [2]
[SQL_LOG:2024-03-23 21:27:25]:  SELECT  customer_no  FROM  session  WHERE   session_key = ?        [ksgh5b3ubehq7ptq4ud2n5kobr]
[SQL_LOG:2024-03-23 21:27:25]:  SELECT  ctg_id, category_name  FROM  category        []
[SQL_LOG:2024-03-23 21:27:25]:  SELECT  item_id, item_name, price,image, ctg_id  FROM  item  WHERE    ctg_id = ?        [3]
[SQL_LOG:2024-03-23 22:00:16]:  SELECT  customer_no  FROM  session  WHERE   session_key = ?        [ksgh5b3ubehq7ptq4ud2n5kobr]
[SQL_LOG:2024-03-23 22:00:16]:  SELECT  c.crt_id, i.item_id, i.item_name, i.price,i.image  FROM  cart c LEFT JOIN item i ON c.item_id = i.item_id   WHERE   c.customer_no = ? AND c.delete_flg = ?        [2,0]
[SQL_LOG:2024-03-23 22:00:16]:  SELECT  SUM( i.price ) AS totalPrice  FROM  cart c  LEFT JOIN item i  ON c.item_id = i.item_id  WHERE   c.customer_no  = ? AND c.delete_flg = ?       [2,0]
[SQL_LOG:2024-03-23 22:00:16]:  SELECT  SUM( num ) AS num  FROM  cart c  WHERE   c.customer_no  = ? AND c.delete_flg = ?       [2,0]
[SQL_LOG:2024-03-23 22:00:17]:  SELECT  customer_no  FROM  session  WHERE   session_key = ?        [ksgh5b3ubehq7ptq4ud2n5kobr]
[SQL_LOG:2024-03-23 22:00:17]:  SELECT  c.crt_id, i.item_id, i.item_name, i.price,i.image  FROM  cart c LEFT JOIN item i ON c.item_id = i.item_id   WHERE   c.customer_no = ? AND c.delete_flg = ?        [2,0]
[SQL_LOG:2024-03-23 22:00:17]:  SELECT  SUM( i.price ) AS totalPrice  FROM  cart c  LEFT JOIN item i  ON c.item_id = i.item_id  WHERE   c.customer_no  = ? AND c.delete_flg = ?       [2,0]
[SQL_LOG:2024-03-23 22:00:17]:  SELECT  SUM( num ) AS num  FROM  cart c  WHERE   c.customer_no  = ? AND c.delete_flg = ?       [2,0]
[SQL_LOG:2024-03-23 22:00:22]:  SELECT  customer_no  FROM  session  WHERE   session_key = ?        [ksgh5b3ubehq7ptq4ud2n5kobr]
[SQL_LOG:2024-03-23 22:00:22]:  SELECT  ctg_id, category_name  FROM  category        []
[SQL_LOG:2024-03-23 22:00:22]:  SELECT  item_id, item_name, price,image, ctg_id  FROM  item        []
[SQL_LOG:2024-03-23 22:00:25]:  SELECT  customer_no  FROM  session  WHERE   session_key = ?        [ksgh5b3ubehq7ptq4ud2n5kobr]
[SQL_LOG:2024-03-23 22:00:25]:  SELECT  ctg_id, category_name  FROM  category        []
[SQL_LOG:2024-03-23 22:00:25]:  SELECT  item_id, item_name, detail, price, image, ctg_id  FROM  item  WHERE    item_id = ?        [1]
[SQL_LOG:2024-03-23 22:00:29]:  SELECT  customer_no  FROM  session  WHERE   session_key = ?        [ksgh5b3ubehq7ptq4ud2n5kobr]
[SQL_LOG:2024-03-23 22:00:29]:  SELECT  ctg_id, category_name  FROM  category        []
[SQL_LOG:2024-03-23 22:00:29]:  SELECT  item_id, item_name, price,image, ctg_id  FROM  item        []
[SQL_LOG:2024-03-23 22:00:31]:  SELECT  customer_no  FROM  session  WHERE   session_key = ?        [ksgh5b3ubehq7ptq4ud2n5kobr]
[SQL_LOG:2024-03-23 22:00:31]:  SELECT  ctg_id, category_name  FROM  category        []
[SQL_LOG:2024-03-23 22:00:31]:  SELECT  item_id, item_name, detail, price, image, ctg_id  FROM  item  WHERE    item_id = ?        [2]
[SQL_LOG:2024-03-23 22:00:32]:  SELECT  customer_no  FROM  session  WHERE   session_key = ?        [ksgh5b3ubehq7ptq4ud2n5kobr]
[SQL_LOG:2024-03-23 22:00:32]:  SELECT  ctg_id, category_name  FROM  category        []
[SQL_LOG:2024-03-23 22:00:32]:  SELECT  item_id, item_name, price,image, ctg_id  FROM  item        []
[SQL_LOG:2024-03-24 08:07:32]:  SELECT  customer_no  FROM  session  WHERE   session_key = ?        [vfj62qrf553nfp969524g3oj4l]
[SQL_LOG:2024-03-24 08:07:32]:  INSERT INTO  session  (session_key ) VALUES (?)  [vfj62qrf553nfp969524g3oj4l]
[SQL_LOG:2024-03-24 08:07:32]:  SELECT  c.crt_id, i.item_id, i.item_name, i.price,i.image  FROM  cart c LEFT JOIN item i ON c.item_id = i.item_id   WHERE   c.customer_no = ? AND c.delete_flg = ?        [3,0]
[SQL_LOG:2024-03-24 08:07:32]:  SELECT  SUM( i.price ) AS totalPrice  FROM  cart c  LEFT JOIN item i  ON c.item_id = i.item_id  WHERE   c.customer_no  = ? AND c.delete_flg = ?       [3,0]
[SQL_LOG:2024-03-24 08:07:32]:  SELECT  SUM( num ) AS num  FROM  cart c  WHERE   c.customer_no  = ? AND c.delete_flg = ?       [3,0]
[SQL_LOG:2024-03-24 08:07:36]:  SELECT  customer_no  FROM  session  WHERE   session_key = ?        [vfj62qrf553nfp969524g3oj4l]
[SQL_LOG:2024-03-24 08:07:36]:  SELECT  ctg_id, category_name  FROM  category        []
[SQL_LOG:2024-03-24 08:07:36]:  SELECT  item_id, item_name, price,image, ctg_id  FROM  item        []
[SQL_LOG:2024-03-24 08:07:38]:  SELECT  customer_no  FROM  session  WHERE   session_key = ?        [vfj62qrf553nfp969524g3oj4l]
[SQL_LOG:2024-03-24 08:07:38]:  SELECT  ctg_id, category_name  FROM  category        []
[SQL_LOG:2024-03-24 08:07:38]:  SELECT  item_id, item_name, detail, price, image, ctg_id  FROM  item  WHERE    item_id = ?        [1]
[SQL_LOG:2024-03-24 08:07:40]:  SELECT  customer_no  FROM  session  WHERE   session_key = ?        [vfj62qrf553nfp969524g3oj4l]
[SQL_LOG:2024-03-24 08:07:40]:  INSERT INTO  cart  (customer_no,item_id) VALUES (?,?)  [3,1]
[SQL_LOG:2024-03-24 08:07:40]:  SELECT  c.crt_id, i.item_id, i.item_name, i.price,i.image  FROM  cart c LEFT JOIN item i ON c.item_id = i.item_id   WHERE   c.customer_no = ? AND c.delete_flg = ?        [3,0]
[SQL_LOG:2024-03-24 08:07:40]:  SELECT  SUM( i.price ) AS totalPrice  FROM  cart c  LEFT JOIN item i  ON c.item_id = i.item_id  WHERE   c.customer_no  = ? AND c.delete_flg = ?       [3,0]
[SQL_LOG:2024-03-24 08:07:40]:  SELECT  SUM( num ) AS num  FROM  cart c  WHERE   c.customer_no  = ? AND c.delete_flg = ?       [3,0]
[SQL_LOG:2024-03-24 08:07:43]:  SELECT  customer_no  FROM  session  WHERE   session_key = ?        [vfj62qrf553nfp969524g3oj4l]
[SQL_LOG:2024-03-24 08:07:43]:  SELECT  ctg_id, category_name  FROM  category        []
[SQL_LOG:2024-03-24 08:07:43]:  SELECT  item_id, item_name, price,image, ctg_id  FROM  item        []
[SQL_LOG:2024-03-24 08:07:54]:  SELECT  customer_no  FROM  session  WHERE   session_key = ?        [vfj62qrf553nfp969524g3oj4l]
[SQL_LOG:2024-03-24 08:07:54]:  SELECT  c.crt_id, i.item_id, i.item_name, i.price,i.image  FROM  cart c LEFT JOIN item i ON c.item_id = i.item_id   WHERE   c.customer_no = ? AND c.delete_flg = ?        [3,0]
[SQL_LOG:2024-03-24 08:07:54]:  SELECT  SUM( i.price ) AS totalPrice  FROM  cart c  LEFT JOIN item i  ON c.item_id = i.item_id  WHERE   c.customer_no  = ? AND c.delete_flg = ?       [3,0]
[SQL_LOG:2024-03-24 08:07:54]:  SELECT  SUM( num ) AS num  FROM  cart c  WHERE   c.customer_no  = ? AND c.delete_flg = ?       [3,0]
[SQL_LOG:2024-03-24 08:07:58]:  SELECT  customer_no  FROM  session  WHERE   session_key = ?        [vfj62qrf553nfp969524g3oj4l]
[SQL_LOG:2024-03-24 08:07:58]:  SELECT  ctg_id, category_name  FROM  category        []
[SQL_LOG:2024-03-24 08:07:58]:  SELECT  item_id, item_name, price,image, ctg_id  FROM  item        []
[SQL_LOG:2024-03-24 08:09:33]:  SELECT  customer_no  FROM  session  WHERE   session_key = ?        [vfj62qrf553nfp969524g3oj4l]
[SQL_LOG:2024-03-24 08:09:33]:  SELECT  ctg_id, category_name  FROM  category        []
[SQL_LOG:2024-03-24 08:09:33]:  SELECT  item_id, item_name, price,image, ctg_id  FROM  item        []
[SQL_LOG:2024-03-24 09:04:03]:  SELECT  customer_no  FROM  session  WHERE   session_key = ?        [38tpp9hhre3p1t61slc13ro1bc]
[SQL_LOG:2024-03-24 09:04:03]:  INSERT INTO  session  (session_key ) VALUES (?)  [38tpp9hhre3p1t61slc13ro1bc]
[SQL_LOG:2024-03-24 09:04:03]:  SELECT  c.crt_id, i.item_id, i.item_name, i.price,i.image  FROM  cart c LEFT JOIN item i ON c.item_id = i.item_id   WHERE   c.customer_no = ? AND c.delete_flg = ?        [4,0]
[SQL_LOG:2024-03-24 09:04:03]:  SELECT  SUM( i.price ) AS totalPrice  FROM  cart c  LEFT JOIN item i  ON c.item_id = i.item_id  WHERE   c.customer_no  = ? AND c.delete_flg = ?       [4,0]
[SQL_LOG:2024-03-24 09:04:03]:  SELECT  SUM( num ) AS num  FROM  cart c  WHERE   c.customer_no  = ? AND c.delete_flg = ?       [4,0]
[SQL_LOG:2024-03-24 09:04:08]:  SELECT  customer_no  FROM  session  WHERE   session_key = ?        [38tpp9hhre3p1t61slc13ro1bc]
[SQL_LOG:2024-03-24 09:04:08]:  SELECT  ctg_id, category_name  FROM  category        []
[SQL_LOG:2024-03-24 09:04:08]:  SELECT  item_id, item_name, price,image, ctg_id  FROM  item        []
[SQL_LOG:2024-03-24 09:04:10]:  SELECT  customer_no  FROM  session  WHERE   session_key = ?        [38tpp9hhre3p1t61slc13ro1bc]
[SQL_LOG:2024-03-24 09:04:10]:  SELECT  ctg_id, category_name  FROM  category        []
[SQL_LOG:2024-03-24 09:04:10]:  SELECT  item_id, item_name, price,image, ctg_id  FROM  item  WHERE    ctg_id = ?        [1]
[SQL_LOG:2024-03-24 09:04:11]:  SELECT  customer_no  FROM  session  WHERE   session_key = ?        [38tpp9hhre3p1t61slc13ro1bc]
[SQL_LOG:2024-03-24 09:04:11]:  SELECT  ctg_id, category_name  FROM  category        []
[SQL_LOG:2024-03-24 09:04:11]:  SELECT  item_id, item_name, price,image, ctg_id  FROM  item        []
[SQL_LOG:2024-03-24 09:29:45]:  SELECT  customer_no  FROM  session  WHERE   session_key = ?        [38tpp9hhre3p1t61slc13ro1bc]
[SQL_LOG:2024-03-24 09:29:45]:  SELECT  ctg_id, category_name  FROM  category        []
[SQL_LOG:2024-03-24 09:29:45]:  SELECT  item_id, item_name, price,image, ctg_id  FROM  item        []
[SQL_LOG:2024-03-24 09:37:16]:  SELECT  customer_no  FROM  session  WHERE   session_key = ?        [38tpp9hhre3p1t61slc13ro1bc]
[SQL_LOG:2024-03-24 09:37:16]:  SELECT  ctg_id, category_name  FROM  category        []
[SQL_LOG:2024-03-24 09:37:16]:  SELECT  item_id, item_name, price,image, ctg_id  FROM  item  WHERE    ctg_id = ?        [1]
[SQL_LOG:2024-03-24 09:37:17]:  SELECT  customer_no  FROM  session  WHERE   session_key = ?        [38tpp9hhre3p1t61slc13ro1bc]
[SQL_LOG:2024-03-24 09:37:17]:  SELECT  ctg_id, category_name  FROM  category        []
[SQL_LOG:2024-03-24 09:37:17]:  SELECT  item_id, item_name, price,image, ctg_id  FROM  item  WHERE    ctg_id = ?        [2]
[SQL_LOG:2024-03-24 09:37:17]:  SELECT  customer_no  FROM  session  WHERE   session_key = ?        [38tpp9hhre3p1t61slc13ro1bc]
[SQL_LOG:2024-03-24 09:37:17]:  SELECT  ctg_id, category_name  FROM  category        []
[SQL_LOG:2024-03-24 09:37:17]:  SELECT  item_id, item_name, price,image, ctg_id  FROM  item  WHERE    ctg_id = ?        [2]
[SQL_LOG:2024-03-24 09:37:18]:  SELECT  customer_no  FROM  session  WHERE   session_key = ?        [38tpp9hhre3p1t61slc13ro1bc]
[SQL_LOG:2024-03-24 09:37:18]:  SELECT  ctg_id, category_name  FROM  category        []
[SQL_LOG:2024-03-24 09:37:18]:  SELECT  item_id, item_name, price,image, ctg_id  FROM  item  WHERE    ctg_id = ?        [3]
[SQL_LOG:2024-03-24 09:45:51]:  SELECT  customer_no  FROM  session  WHERE   session_key = ?        [38tpp9hhre3p1t61slc13ro1bc]
[SQL_LOG:2024-03-24 09:45:51]:  SELECT  ctg_id, category_name  FROM  category        []
[SQL_LOG:2024-03-24 09:45:51]:  SELECT  item_id, item_name, price,image, ctg_id  FROM  item  WHERE    ctg_id = ?        [2]
[SQL_LOG:2024-03-24 09:46:07]:  SELECT  customer_no  FROM  session  WHERE   session_key = ?        [38tpp9hhre3p1t61slc13ro1bc]
[SQL_LOG:2024-03-24 09:46:07]:  SELECT  ctg_id, category_name  FROM  category        []
[SQL_LOG:2024-03-24 09:46:07]:  SELECT  item_id, item_name, detail, price, image, ctg_id  FROM  item  WHERE    item_id = ?        [5]
[SQL_LOG:2024-03-24 09:46:11]:  SELECT  customer_no  FROM  session  WHERE   session_key = ?        [38tpp9hhre3p1t61slc13ro1bc]
[SQL_LOG:2024-03-24 09:46:11]:  SELECT  ctg_id, category_name  FROM  category        []
[SQL_LOG:2024-03-24 09:46:11]:  SELECT  item_id, item_name, price,image, ctg_id  FROM  item  WHERE    ctg_id = ?        [2]
[SQL_LOG:2024-03-24 09:54:59]:  SELECT  customer_no  FROM  session  WHERE   session_key = ?        [38tpp9hhre3p1t61slc13ro1bc]
[SQL_LOG:2024-03-24 09:54:59]:  SELECT  ctg_id, category_name  FROM  category        []
[SQL_LOG:2024-03-24 09:54:59]:  SELECT  item_id, item_name, price,image, ctg_id  FROM  item        []
[SQL_LOG:2024-03-24 09:55:00]:  SELECT  customer_no  FROM  session  WHERE   session_key = ?        [38tpp9hhre3p1t61slc13ro1bc]
[SQL_LOG:2024-03-24 09:55:00]:  SELECT  ctg_id, category_name  FROM  category        []
[SQL_LOG:2024-03-24 09:55:00]:  SELECT  item_id, item_name, detail, price, image, ctg_id  FROM  item  WHERE    item_id = ?        [1]
[SQL_LOG:2024-03-24 09:55:02]:  SELECT  customer_no  FROM  session  WHERE   session_key = ?        [38tpp9hhre3p1t61slc13ro1bc]
[SQL_LOG:2024-03-24 09:55:02]:  SELECT  ctg_id, category_name  FROM  category        []
[SQL_LOG:2024-03-24 09:55:02]:  SELECT  item_id, item_name, price,image, ctg_id  FROM  item        []
[SQL_LOG:2024-03-24 09:59:29]:  SELECT  customer_no  FROM  session  WHERE   session_key = ?        [38tpp9hhre3p1t61slc13ro1bc]
[SQL_LOG:2024-03-24 09:59:29]:  SELECT  ctg_id, category_name  FROM  category        []
[SQL_LOG:2024-03-24 09:59:29]:  SELECT  item_id, item_name, price,image, ctg_id  FROM  item        []
[SQL_LOG:2024-03-24 09:59:31]:  SELECT  customer_no  FROM  session  WHERE   session_key = ?        [38tpp9hhre3p1t61slc13ro1bc]
[SQL_LOG:2024-03-24 09:59:31]:  SELECT  ctg_id, category_name  FROM  category        []
[SQL_LOG:2024-03-24 09:59:31]:  SELECT  item_id, item_name, price,image, ctg_id  FROM  item  WHERE    ctg_id = ?        [1]
[SQL_LOG:2024-03-24 09:59:31]:  SELECT  customer_no  FROM  session  WHERE   session_key = ?        [38tpp9hhre3p1t61slc13ro1bc]
[SQL_LOG:2024-03-24 09:59:31]:  SELECT  ctg_id, category_name  FROM  category        []
[SQL_LOG:2024-03-24 09:59:31]:  SELECT  item_id, item_name, price,image, ctg_id  FROM  item  WHERE    ctg_id = ?        [2]
[SQL_LOG:2024-03-24 09:59:32]:  SELECT  customer_no  FROM  session  WHERE   session_key = ?        [38tpp9hhre3p1t61slc13ro1bc]
[SQL_LOG:2024-03-24 09:59:32]:  SELECT  ctg_id, category_name  FROM  category        []
[SQL_LOG:2024-03-24 09:59:32]:  SELECT  item_id, item_name, price,image, ctg_id  FROM  item  WHERE    ctg_id = ?        [3]
[SQL_LOG:2024-03-24 09:59:35]:  SELECT  customer_no  FROM  session  WHERE   session_key = ?        [38tpp9hhre3p1t61slc13ro1bc]
[SQL_LOG:2024-03-24 09:59:35]:  SELECT  ctg_id, category_name  FROM  category        []
[SQL_LOG:2024-03-24 09:59:35]:  SELECT  item_id, item_name, detail, price, image, ctg_id  FROM  item  WHERE    item_id = ?        [9]
[SQL_LOG:2024-03-24 09:59:36]:  SELECT  customer_no  FROM  session  WHERE   session_key = ?        [38tpp9hhre3p1t61slc13ro1bc]
[SQL_LOG:2024-03-24 09:59:36]:  SELECT  ctg_id, category_name  FROM  category        []
[SQL_LOG:2024-03-24 09:59:36]:  SELECT  item_id, item_name, price,image, ctg_id  FROM  item  WHERE    ctg_id = ?        [3]
[SQL_LOG:2024-03-24 10:00:10]:  SELECT  customer_no  FROM  session  WHERE   session_key = ?        [38tpp9hhre3p1t61slc13ro1bc]
[SQL_LOG:2024-03-24 10:00:10]:  SELECT  ctg_id, category_name  FROM  category        []
[SQL_LOG:2024-03-24 10:00:10]:  SELECT  item_id, item_name, detail, price, image, ctg_id  FROM  item  WHERE    item_id = ?        [9]
[SQL_LOG:2024-03-24 10:00:11]:  SELECT  customer_no  FROM  session  WHERE   session_key = ?        [38tpp9hhre3p1t61slc13ro1bc]
[SQL_LOG:2024-03-24 10:00:11]:  SELECT  ctg_id, category_name  FROM  category        []
[SQL_LOG:2024-03-24 10:00:11]:  SELECT  item_id, item_name, price,image, ctg_id  FROM  item  WHERE    ctg_id = ?        [3]
[SQL_LOG:2024-03-24 10:01:35]:  SELECT  customer_no  FROM  session  WHERE   session_key = ?        [38tpp9hhre3p1t61slc13ro1bc]
[SQL_LOG:2024-03-24 10:01:35]:  SELECT  c.crt_id, i.item_id, i.item_name, i.price,i.image  FROM  cart c LEFT JOIN item i ON c.item_id = i.item_id   WHERE   c.customer_no = ? AND c.delete_flg = ?        [4,0]
[SQL_LOG:2024-03-24 10:01:35]:  SELECT  SUM( i.price ) AS totalPrice  FROM  cart c  LEFT JOIN item i  ON c.item_id = i.item_id  WHERE   c.customer_no  = ? AND c.delete_flg = ?       [4,0]
[SQL_LOG:2024-03-24 10:01:35]:  SELECT  SUM( num ) AS num  FROM  cart c  WHERE   c.customer_no  = ? AND c.delete_flg = ?       [4,0]
[SQL_LOG:2024-03-24 10:01:37]:  SELECT  customer_no  FROM  session  WHERE   session_key = ?        [38tpp9hhre3p1t61slc13ro1bc]
[SQL_LOG:2024-03-24 10:01:37]:  SELECT  ctg_id, category_name  FROM  category        []
[SQL_LOG:2024-03-24 10:01:37]:  SELECT  item_id, item_name, price,image, ctg_id  FROM  item        []
[SQL_LOG:2024-03-24 10:01:38]:  SELECT  customer_no  FROM  session  WHERE   session_key = ?        [38tpp9hhre3p1t61slc13ro1bc]
[SQL_LOG:2024-03-24 10:01:38]:  SELECT  ctg_id, category_name  FROM  category        []
[SQL_LOG:2024-03-24 10:01:38]:  SELECT  item_id, item_name, detail, price, image, ctg_id  FROM  item  WHERE    item_id = ?        [1]
[SQL_LOG:2024-03-24 10:01:39]:  SELECT  customer_no  FROM  session  WHERE   session_key = ?        [38tpp9hhre3p1t61slc13ro1bc]
[SQL_LOG:2024-03-24 10:01:39]:  INSERT INTO  cart  (customer_no,item_id) VALUES (?,?)  [4,1]
[SQL_LOG:2024-03-24 10:01:39]:  SELECT  c.crt_id, i.item_id, i.item_name, i.price,i.image  FROM  cart c LEFT JOIN item i ON c.item_id = i.item_id   WHERE   c.customer_no = ? AND c.delete_flg = ?        [4,0]
[SQL_LOG:2024-03-24 10:01:39]:  SELECT  SUM( i.price ) AS totalPrice  FROM  cart c  LEFT JOIN item i  ON c.item_id = i.item_id  WHERE   c.customer_no  = ? AND c.delete_flg = ?       [4,0]
[SQL_LOG:2024-03-24 10:01:39]:  SELECT  SUM( num ) AS num  FROM  cart c  WHERE   c.customer_no  = ? AND c.delete_flg = ?       [4,0]
[SQL_LOG:2024-03-24 10:01:40]:  SELECT  customer_no  FROM  session  WHERE   session_key = ?        [38tpp9hhre3p1t61slc13ro1bc]
[SQL_LOG:2024-03-24 10:01:40]:  SELECT  ctg_id, category_name  FROM  category        []
[SQL_LOG:2024-03-24 10:01:40]:  SELECT  item_id, item_name, price,image, ctg_id  FROM  item        []
[SQL_LOG:2024-03-24 10:01:49]:  SELECT  customer_no  FROM  session  WHERE   session_key = ?        [38tpp9hhre3p1t61slc13ro1bc]
[SQL_LOG:2024-03-24 10:01:49]:  SELECT  c.crt_id, i.item_id, i.item_name, i.price,i.image  FROM  cart c LEFT JOIN item i ON c.item_id = i.item_id   WHERE   c.customer_no = ? AND c.delete_flg = ?        [4,0]
[SQL_LOG:2024-03-24 10:01:49]:  SELECT  SUM( i.price ) AS totalPrice  FROM  cart c  LEFT JOIN item i  ON c.item_id = i.item_id  WHERE   c.customer_no  = ? AND c.delete_flg = ?       [4,0]
[SQL_LOG:2024-03-24 10:01:49]:  SELECT  SUM( num ) AS num  FROM  cart c  WHERE   c.customer_no  = ? AND c.delete_flg = ?       [4,0]
[SQL_LOG:2024-03-24 10:06:11]:  SELECT  customer_no  FROM  session  WHERE   session_key = ?        [38tpp9hhre3p1t61slc13ro1bc]
[SQL_LOG:2024-03-24 10:06:11]:  SELECT  ctg_id, category_name  FROM  category        []
[SQL_LOG:2024-03-24 10:06:11]:  SELECT  item_id, item_name, price,image, ctg_id  FROM  item        []
[SQL_LOG:2024-03-24 10:06:16]:  SELECT  customer_no  FROM  session  WHERE   session_key = ?        [38tpp9hhre3p1t61slc13ro1bc]
[SQL_LOG:2024-03-24 10:06:16]:  SELECT  ctg_id, category_name  FROM  category        []
[SQL_LOG:2024-03-24 10:06:16]:  SELECT  item_id, item_name, detail, price, image, ctg_id  FROM  item  WHERE    item_id = ?        [1]
[SQL_LOG:2024-03-24 10:06:18]:  SELECT  customer_no  FROM  session  WHERE   session_key = ?        [38tpp9hhre3p1t61slc13ro1bc]
[SQL_LOG:2024-03-24 10:06:18]:  SELECT  ctg_id, category_name  FROM  category        []
[SQL_LOG:2024-03-24 10:06:18]:  SELECT  item_id, item_name, price,image, ctg_id  FROM  item        []
[SQL_LOG:2024-03-24 10:06:18]:  SELECT  customer_no  FROM  session  WHERE   session_key = ?        [38tpp9hhre3p1t61slc13ro1bc]
[SQL_LOG:2024-03-24 10:06:18]:  SELECT  ctg_id, category_name  FROM  category        []
[SQL_LOG:2024-03-24 10:06:18]:  SELECT  item_id, item_name, detail, price, image, ctg_id  FROM  item  WHERE    item_id = ?        [1]
[SQL_LOG:2024-03-24 10:06:19]:  SELECT  customer_no  FROM  session  WHERE   session_key = ?        [38tpp9hhre3p1t61slc13ro1bc]
[SQL_LOG:2024-03-24 10:06:19]:  SELECT  ctg_id, category_name  FROM  category        []
[SQL_LOG:2024-03-24 10:06:19]:  SELECT  item_id, item_name, price,image, ctg_id  FROM  item        []
[SQL_LOG:2024-03-24 10:41:39]:  SELECT  customer_no  FROM  session  WHERE   session_key = ?        [38tpp9hhre3p1t61slc13ro1bc]
[SQL_LOG:2024-03-24 10:41:39]:  SELECT  ctg_id, category_name  FROM  category        []
[SQL_LOG:2024-03-24 10:41:39]:  SELECT  item_id, item_name, price,image, ctg_id  FROM  item        []
[SQL_LOG:2024-03-24 10:42:17]:  SELECT  customer_no  FROM  session  WHERE   session_key = ?        [38tpp9hhre3p1t61slc13ro1bc]
[SQL_LOG:2024-03-24 10:42:17]:  SELECT  ctg_id, category_name  FROM  category        []
[SQL_LOG:2024-03-24 10:42:17]:  SELECT  item_id, item_name, price,image, ctg_id  FROM  item        []
[SQL_LOG:2024-03-24 10:42:25]:  SELECT  customer_no  FROM  session  WHERE   session_key = ?        [38tpp9hhre3p1t61slc13ro1bc]
[SQL_LOG:2024-03-24 10:42:25]:  SELECT  ctg_id, category_name  FROM  category        []
[SQL_LOG:2024-03-24 10:42:25]:  SELECT  item_id, item_name, detail, price, image, ctg_id  FROM  item  WHERE    item_id = ?        [1]
[SQL_LOG:2024-03-24 10:42:27]:  SELECT  customer_no  FROM  session  WHERE   session_key = ?        [38tpp9hhre3p1t61slc13ro1bc]
[SQL_LOG:2024-03-24 10:42:27]:  SELECT  ctg_id, category_name  FROM  category        []
[SQL_LOG:2024-03-24 10:42:27]:  SELECT  item_id, item_name, price,image, ctg_id  FROM  item        []
[SQL_LOG:2024-03-24 10:42:42]:  SELECT  customer_no  FROM  session  WHERE   session_key = ?        [38tpp9hhre3p1t61slc13ro1bc]
[SQL_LOG:2024-03-24 10:42:42]:  SELECT  ctg_id, category_name  FROM  category        []
[SQL_LOG:2024-03-24 10:42:42]:  SELECT  item_id, item_name, detail, price, image, ctg_id  FROM  item  WHERE    item_id = ?        [12]
[SQL_LOG:2024-03-24 10:42:44]:  SELECT  customer_no  FROM  session  WHERE   session_key = ?        [38tpp9hhre3p1t61slc13ro1bc]
[SQL_LOG:2024-03-24 10:42:44]:  INSERT INTO  cart  (customer_no,item_id) VALUES (?,?)  [4,12]
[SQL_LOG:2024-03-24 10:42:44]:  SELECT  c.crt_id, i.item_id, i.item_name, i.price,i.image  FROM  cart c LEFT JOIN item i ON c.item_id = i.item_id   WHERE   c.customer_no = ? AND c.delete_flg = ?        [4,0]
[SQL_LOG:2024-03-24 10:42:44]:  SELECT  SUM( i.price ) AS totalPrice  FROM  cart c  LEFT JOIN item i  ON c.item_id = i.item_id  WHERE   c.customer_no  = ? AND c.delete_flg = ?       [4,0]
[SQL_LOG:2024-03-24 10:42:44]:  SELECT  SUM( num ) AS num  FROM  cart c  WHERE   c.customer_no  = ? AND c.delete_flg = ?       [4,0]
[SQL_LOG:2024-03-24 10:42:49]:  SELECT  customer_no  FROM  session  WHERE   session_key = ?        [38tpp9hhre3p1t61slc13ro1bc]
[SQL_LOG:2024-03-24 10:42:49]:  UPDATE  cart  SET delete_flg =?  WHERE  crt_id = ?  [1,6]
[SQL_LOG:2024-03-24 10:42:49]:  SELECT  c.crt_id, i.item_id, i.item_name, i.price,i.image  FROM  cart c LEFT JOIN item i ON c.item_id = i.item_id   WHERE   c.customer_no = ? AND c.delete_flg = ?        [4,0]
[SQL_LOG:2024-03-24 10:42:49]:  SELECT  SUM( i.price ) AS totalPrice  FROM  cart c  LEFT JOIN item i  ON c.item_id = i.item_id  WHERE   c.customer_no  = ? AND c.delete_flg = ?       [4,0]
[SQL_LOG:2024-03-24 10:42:49]:  SELECT  SUM( num ) AS num  FROM  cart c  WHERE   c.customer_no  = ? AND c.delete_flg = ?       [4,0]
[SQL_LOG:2024-03-24 10:42:53]:  SELECT  customer_no  FROM  session  WHERE   session_key = ?        [38tpp9hhre3p1t61slc13ro1bc]
[SQL_LOG:2024-03-24 10:42:53]:  SELECT  ctg_id, category_name  FROM  category        []
[SQL_LOG:2024-03-24 10:42:53]:  SELECT  item_id, item_name, price,image, ctg_id  FROM  item        []
[SQL_LOG:2024-03-24 11:27:27]:  SELECT  customer_no  FROM  session  WHERE   session_key = ?        [38tpp9hhre3p1t61slc13ro1bc]
[SQL_LOG:2024-03-24 11:27:27]:  SELECT  ctg_id, category_name  FROM  category        []
[SQL_LOG:2024-03-24 11:27:27]:  SELECT  item_id, item_name, price,image, ctg_id  FROM  item  WHERE    ctg_id = ?        [1]
[SQL_LOG:2024-03-24 11:27:34]:  SELECT  customer_no  FROM  session  WHERE   session_key = ?        [38tpp9hhre3p1t61slc13ro1bc]
[SQL_LOG:2024-03-24 11:27:34]:  SELECT  ctg_id, category_name  FROM  category        []
[SQL_LOG:2024-03-24 11:27:34]:  SELECT  item_id, item_name, price,image, ctg_id  FROM  item  WHERE    ctg_id = ?        [2]
[SQL_LOG:2024-03-24 11:27:35]:  SELECT  customer_no  FROM  session  WHERE   session_key = ?        [38tpp9hhre3p1t61slc13ro1bc]
[SQL_LOG:2024-03-24 11:27:35]:  SELECT  ctg_id, category_name  FROM  category        []
[SQL_LOG:2024-03-24 11:27:35]:  SELECT  item_id, item_name, price,image, ctg_id  FROM  item  WHERE    ctg_id = ?        [1]
[SQL_LOG:2024-03-24 11:40:23]:  SELECT  customer_no  FROM  session  WHERE   session_key = ?        [38tpp9hhre3p1t61slc13ro1bc]
[SQL_LOG:2024-03-24 11:40:23]:  SELECT  ctg_id, category_name  FROM  category        []
[SQL_LOG:2024-03-24 11:40:23]:  SELECT  item_id, item_name, price,image, ctg_id  FROM  item  WHERE    ctg_id = ?        [2]
[SQL_LOG:2024-03-24 11:40:24]:  SELECT  customer_no  FROM  session  WHERE   session_key = ?        [38tpp9hhre3p1t61slc13ro1bc]
[SQL_LOG:2024-03-24 11:40:24]:  SELECT  ctg_id, category_name  FROM  category        []
[SQL_LOG:2024-03-24 11:40:24]:  SELECT  item_id, item_name, price,image, ctg_id  FROM  item  WHERE    ctg_id = ?        [3]
[SQL_LOG:2024-03-24 11:40:31]:  SELECT  customer_no  FROM  session  WHERE   session_key = ?        [38tpp9hhre3p1t61slc13ro1bc]
[SQL_LOG:2024-03-24 11:40:31]:  SELECT  ctg_id, category_name  FROM  category        []
[SQL_LOG:2024-03-24 11:40:31]:  SELECT  item_id, item_name, price,image, ctg_id  FROM  item  WHERE    ctg_id = ?        [1]
[SQL_LOG:2024-03-24 11:46:16]:  SELECT  customer_no  FROM  session  WHERE   session_key = ?        [38tpp9hhre3p1t61slc13ro1bc]
[SQL_LOG:2024-03-24 11:46:16]:  SELECT  ctg_id, category_name  FROM  category        []
[SQL_LOG:2024-03-24 11:46:16]:  SELECT  item_id, item_name, detail, price, image, ctg_id  FROM  item  WHERE    item_id = ?        [1]
[SQL_LOG:2024-03-24 14:41:19]:  SELECT  customer_no  FROM  session  WHERE   session_key = ?        [38tpp9hhre3p1t61slc13ro1bc]
[SQL_LOG:2024-03-24 14:41:19]:  SELECT  ctg_id, category_name  FROM  category        []
[SQL_LOG:2024-03-24 14:41:19]:  SELECT  item_id, item_name, price,image, ctg_id  FROM  item  WHERE    ctg_id = ?        [1]
[SQL_LOG:2024-03-24 14:41:21]:  SELECT  customer_no  FROM  session  WHERE   session_key = ?        [38tpp9hhre3p1t61slc13ro1bc]
[SQL_LOG:2024-03-24 14:41:21]:  SELECT  ctg_id, category_name  FROM  category        []
[SQL_LOG:2024-03-24 14:41:21]:  SELECT  item_id, item_name, price,image, ctg_id  FROM  item  WHERE    ctg_id = ?        [1]
[SQL_LOG:2024-03-24 14:42:38]:  SELECT  customer_no  FROM  session  WHERE   session_key = ?        [38tpp9hhre3p1t61slc13ro1bc]
[SQL_LOG:2024-03-24 14:42:38]:  SELECT  ctg_id, category_name  FROM  category        []
[SQL_LOG:2024-03-24 14:42:38]:  SELECT  item_id, item_name, price,image, ctg_id  FROM  item        []
[SQL_LOG:2024-04-02 10:45:12]:  SELECT  customer_no  FROM  session  WHERE   session_key = ?        [qg889f5l8lf91rkalms5phpl5g]
[SQL_LOG:2024-04-02 10:45:12]:  INSERT INTO  session  (session_key ) VALUES (?)  [qg889f5l8lf91rkalms5phpl5g]
[SQL_LOG:2024-04-02 10:45:12]:  SELECT  c.crt_id, i.item_id, i.item_name, i.price,i.image  FROM  cart c LEFT JOIN item i ON c.item_id = i.item_id   WHERE   c.customer_no = ? AND c.delete_flg = ?        [5,0]
[SQL_LOG:2024-04-02 10:45:12]:  SELECT  SUM( i.price ) AS totalPrice  FROM  cart c  LEFT JOIN item i  ON c.item_id = i.item_id  WHERE   c.customer_no  = ? AND c.delete_flg = ?       [5,0]
[SQL_LOG:2024-04-02 10:45:12]:  SELECT  SUM( num ) AS num  FROM  cart c  WHERE   c.customer_no  = ? AND c.delete_flg = ?       [5,0]
[SQL_LOG:2024-04-02 10:45:15]:  SELECT  customer_no  FROM  session  WHERE   session_key = ?        [qg889f5l8lf91rkalms5phpl5g]
[SQL_LOG:2024-04-02 10:45:15]:  SELECT  ctg_id, category_name  FROM  category        []
[SQL_LOG:2024-04-02 10:45:15]:  SELECT  item_id, item_name, price,image, ctg_id  FROM  item        []
[SQL_LOG:2024-04-02 10:45:16]:  SELECT  customer_no  FROM  session  WHERE   session_key = ?        [qg889f5l8lf91rkalms5phpl5g]
[SQL_LOG:2024-04-02 10:45:16]:  SELECT  ctg_id, category_name  FROM  category        []
[SQL_LOG:2024-04-02 10:45:16]:  SELECT  item_id, item_name, detail, price, image, ctg_id  FROM  item  WHERE    item_id = ?        [1]
[SQL_LOG:2024-04-02 16:01:23]:  SELECT  customer_no  FROM  session  WHERE   session_key = ?        [qg889f5l8lf91rkalms5phpl5g]
[SQL_LOG:2024-04-02 16:01:23]:  SELECT  c.crt_id, i.item_id, i.item_name, i.price,i.image  FROM  cart c LEFT JOIN item i ON c.item_id = i.item_id   WHERE   c.customer_no = ? AND c.delete_flg = ?        [5,0]
[SQL_LOG:2024-04-02 16:01:23]:  SELECT  SUM( i.price ) AS totalPrice  FROM  cart c  LEFT JOIN item i  ON c.item_id = i.item_id  WHERE   c.customer_no  = ? AND c.delete_flg = ?       [5,0]
[SQL_LOG:2024-04-02 16:01:23]:  SELECT  SUM( num ) AS num  FROM  cart c  WHERE   c.customer_no  = ? AND c.delete_flg = ?       [5,0]
[SQL_LOG:2024-04-02 16:01:25]:  SELECT  customer_no  FROM  session  WHERE   session_key = ?        [qg889f5l8lf91rkalms5phpl5g]
[SQL_LOG:2024-04-02 16:01:25]:  SELECT  ctg_id, category_name  FROM  category        []
[SQL_LOG:2024-04-02 16:01:25]:  SELECT  item_id, item_name, price,image, ctg_id  FROM  item        []
[SQL_LOG:2024-04-02 16:01:27]:  SELECT  customer_no  FROM  session  WHERE   session_key = ?        [qg889f5l8lf91rkalms5phpl5g]
[SQL_LOG:2024-04-02 16:01:27]:  SELECT  ctg_id, category_name  FROM  category        []
[SQL_LOG:2024-04-02 16:01:27]:  SELECT  item_id, item_name, price,image, ctg_id  FROM  item        []
[SQL_LOG:2024-04-02 16:01:30]:  SELECT  customer_no  FROM  session  WHERE   session_key = ?        [qg889f5l8lf91rkalms5phpl5g]
[SQL_LOG:2024-04-02 16:01:30]:  SELECT  c.crt_id, i.item_id, i.item_name, i.price,i.image  FROM  cart c LEFT JOIN item i ON c.item_id = i.item_id   WHERE   c.customer_no = ? AND c.delete_flg = ?        [5,0]
[SQL_LOG:2024-04-02 16:01:30]:  SELECT  SUM( i.price ) AS totalPrice  FROM  cart c  LEFT JOIN item i  ON c.item_id = i.item_id  WHERE   c.customer_no  = ? AND c.delete_flg = ?       [5,0]
[SQL_LOG:2024-04-02 16:01:30]:  SELECT  SUM( num ) AS num  FROM  cart c  WHERE   c.customer_no  = ? AND c.delete_flg = ?       [5,0]
[SQL_LOG:2024-04-03 08:04:59]:  SELECT  customer_no  FROM  session  WHERE   session_key = ?        [vt120eeiq7pa9at3erkd5rkusr]
[SQL_LOG:2024-04-03 08:04:59]:  INSERT INTO  session  (session_key ) VALUES (?)  [vt120eeiq7pa9at3erkd5rkusr]
[SQL_LOG:2024-04-03 08:04:59]:  SELECT  c.crt_id, i.item_id, i.item_name, i.price,i.image  FROM  cart c LEFT JOIN item i ON c.item_id = i.item_id   WHERE   c.customer_no = ? AND c.delete_flg = ?        [1,0]
[SQL_LOG:2024-04-03 08:04:59]:  SELECT  SUM( i.price ) AS totalPrice  FROM  cart c  LEFT JOIN item i  ON c.item_id = i.item_id  WHERE   c.customer_no  = ? AND c.delete_flg = ?       [1,0]
[SQL_LOG:2024-04-03 08:04:59]:  SELECT  SUM( num ) AS num  FROM  cart c  WHERE   c.customer_no  = ? AND c.delete_flg = ?       [1,0]
[SQL_LOG:2024-04-03 08:28:22]:  SELECT  customer_no  FROM  session  WHERE   session_key = ?        [vt120eeiq7pa9at3erkd5rkusr]
[SQL_LOG:2024-04-03 08:28:22]:  SELECT  c.crt_id, i.item_id, i.item_name, i.price,i.image  FROM  cart c LEFT JOIN item i ON c.item_id = i.item_id   WHERE   c.customer_no = ? AND c.delete_flg = ?        [1,0]
[SQL_LOG:2024-04-03 08:28:22]:  SELECT  SUM( i.price ) AS totalPrice  FROM  cart c  LEFT JOIN item i  ON c.item_id = i.item_id  WHERE   c.customer_no  = ? AND c.delete_flg = ?       [1,0]
[SQL_LOG:2024-04-03 08:28:22]:  SELECT  SUM( num ) AS num  FROM  cart c  WHERE   c.customer_no  = ? AND c.delete_flg = ?       [1,0]
[SQL_LOG:2024-04-03 08:28:24]:  SELECT  customer_no  FROM  session  WHERE   session_key = ?        [vt120eeiq7pa9at3erkd5rkusr]
[SQL_LOG:2024-04-03 08:28:24]:  SELECT  ctg_id, category_name  FROM  category        []
[SQL_LOG:2024-04-03 08:28:24]:  SELECT  item_id, item_name, price,image, ctg_id  FROM  item        []
[SQL_LOG:2024-04-03 08:28:25]:  SELECT  customer_no  FROM  session  WHERE   session_key = ?        [vt120eeiq7pa9at3erkd5rkusr]
[SQL_LOG:2024-04-03 08:28:25]:  SELECT  ctg_id, category_name  FROM  category        []
[SQL_LOG:2024-04-03 08:28:25]:  SELECT  item_id, item_name, price,image, ctg_id  FROM  item        []
[SQL_LOG:2024-04-03 08:28:28]:  SELECT  customer_no  FROM  session  WHERE   session_key = ?        [vt120eeiq7pa9at3erkd5rkusr]
[SQL_LOG:2024-04-03 08:28:28]:  SELECT  ctg_id, category_name  FROM  category        []
[SQL_LOG:2024-04-03 08:28:28]:  SELECT  item_id, item_name, price,image, ctg_id  FROM  item        []
[SQL_LOG:2024-04-21 21:38:49]:  SELECT  customer_no  FROM  session  WHERE   session_key = ?        [mfee6nai3uk55gl11qec97ing7]
[SQL_LOG:2024-04-21 21:38:49]:  INSERT INTO  session  (session_key ) VALUES (?)  [mfee6nai3uk55gl11qec97ing7]
[SQL_LOG:2024-04-21 21:38:49]:  SELECT  c.crt_id, i.item_id, i.item_name, i.price,i.image  FROM  cart c LEFT JOIN item i ON c.item_id = i.item_id   WHERE   c.customer_no = ? AND c.delete_flg = ?        [2,0]
[SQL_LOG:2024-04-21 21:38:49]:  SELECT  SUM( i.price ) AS totalPrice  FROM  cart c  LEFT JOIN item i  ON c.item_id = i.item_id  WHERE   c.customer_no  = ? AND c.delete_flg = ?       [2,0]
[SQL_LOG:2024-04-21 21:38:49]:  SELECT  SUM( num ) AS num  FROM  cart c  WHERE   c.customer_no  = ? AND c.delete_flg = ?       [2,0]
[SQL_LOG:2024-04-21 21:38:52]:  SELECT  customer_no  FROM  session  WHERE   session_key = ?        [mfee6nai3uk55gl11qec97ing7]
[SQL_LOG:2024-04-21 21:38:52]:  SELECT  ctg_id, category_name  FROM  category        []
[SQL_LOG:2024-04-21 21:38:52]:  SELECT  item_id, item_name, price,image, ctg_id  FROM  item        []
[SQL_LOG:2024-04-21 21:38:53]:  SELECT  customer_no  FROM  session  WHERE   session_key = ?        [mfee6nai3uk55gl11qec97ing7]
[SQL_LOG:2024-04-21 21:38:53]:  SELECT  ctg_id, category_name  FROM  category        []
[SQL_LOG:2024-04-21 21:38:53]:  SELECT  item_id, item_name, price,image, ctg_id  FROM  item        []
[SQL_LOG:2024-04-21 21:38:54]:  SELECT  customer_no  FROM  session  WHERE   session_key = ?        [mfee6nai3uk55gl11qec97ing7]
[SQL_LOG:2024-04-21 21:38:54]:  SELECT  c.crt_id, i.item_id, i.item_name, i.price,i.image  FROM  cart c LEFT JOIN item i ON c.item_id = i.item_id   WHERE   c.customer_no = ? AND c.delete_flg = ?        [2,0]
[SQL_LOG:2024-04-21 21:38:54]:  SELECT  SUM( i.price ) AS totalPrice  FROM  cart c  LEFT JOIN item i  ON c.item_id = i.item_id  WHERE   c.customer_no  = ? AND c.delete_flg = ?       [2,0]
[SQL_LOG:2024-04-21 21:38:54]:  SELECT  SUM( num ) AS num  FROM  cart c  WHERE   c.customer_no  = ? AND c.delete_flg = ?       [2,0]
[SQL_LOG:2024-04-21 21:38:57]:  SELECT  customer_no  FROM  session  WHERE   session_key = ?        [mfee6nai3uk55gl11qec97ing7]
[SQL_LOG:2024-04-21 21:38:57]:  SELECT  ctg_id, category_name  FROM  category        []
[SQL_LOG:2024-04-21 21:38:57]:  SELECT  item_id, item_name, detail, price, image, ctg_id  FROM  item        []
[SQL_LOG:2024-04-21 21:38:57]:  SELECT  customer_no  FROM  session  WHERE   session_key = ?        [mfee6nai3uk55gl11qec97ing7]
[SQL_LOG:2024-04-21 21:38:57]:  SELECT  ctg_id, category_name  FROM  category        []
[SQL_LOG:2024-04-21 21:38:57]:  SELECT  item_id, item_name, price,image, ctg_id  FROM  item        []
[SQL_LOG:2024-04-21 21:39:00]:  SELECT  customer_no  FROM  session  WHERE   session_key = ?        [mfee6nai3uk55gl11qec97ing7]
[SQL_LOG:2024-04-21 21:39:00]:  SELECT  ctg_id, category_name  FROM  category        []
[SQL_LOG:2024-04-21 21:39:00]:  SELECT  item_id, item_name, price,image, ctg_id  FROM  item        []
